<?xml version="1.0" encoding="UTF-8"?>
<testsuite name="server.lost.SMTPAlert.SmtpAlertApplicationTests" tests="1" skipped="0" failures="0" errors="0" timestamp="2025-03-15T13:29:51.718Z" hostname="DESKTOP-81L3SIA" time="0.913">
  <properties/>
  <testcase name="contextLoads()" classname="server.lost.SMTPAlert.SmtpAlertApplicationTests" time="0.913"/>
  <system-out><![CDATA[16:29:49.697 [Test worker] INFO org.springframework.test.context.support.AnnotationConfigContextLoaderUtils -- Could not detect default configuration classes for test class [server.lost.SMTPAlert.SmtpAlertApplicationTests]: SmtpAlertApplicationTests does not declare any static, non-private, non-final, nested classes annotated with @Configuration.
16:29:49.828 [Test worker] INFO org.springframework.boot.test.context.SpringBootTestContextBootstrapper -- Found @SpringBootConfiguration server.lost.SMTPAlert.SmtpAlertApplication for test class server.lost.SMTPAlert.SmtpAlertApplicationTests

  .   ____          _            __ _ _
 /\\ / ___'_ __ _ _(_)_ __  __ _ \ \ \ \
( ( )\___ | '_ | '_| | '_ \/ _` | \ \ \ \
 \\/  ___)| |_)| | | | | || (_| |  ) ) ) )
  '  |____| .__|_| |_|_| |_\__, | / / / /
 =========|_|==============|___/=/_/_/_/

 :: Spring Boot ::       (v3.5.0-SNAPSHOT)

2025-03-15T16:29:50.363+03:00  INFO 49404 --- [SMTPAlert] [    Test worker] s.l.SMTPAlert.SmtpAlertApplicationTests  : Starting SmtpAlertApplicationTests using Java 17.0.12 with PID 49404 (started by sasha in D:\Work\Marketplace\Marketplace\backend c#\Marketplace\SMTPAlert)
2025-03-15T16:29:50.365+03:00  INFO 49404 --- [SMTPAlert] [    Test worker] s.l.SMTPAlert.SmtpAlertApplicationTests  : No active profile set, falling back to 1 default profile: "default"
2025-03-15T16:29:51.702+03:00  INFO 49404 --- [SMTPAlert] [    Test worker] s.l.SMTPAlert.SmtpAlertApplicationTests  : Started SmtpAlertApplicationTests in 1.666 seconds (process running for 3.186)
]]></system-out>
  <system-err><![CDATA[]]></system-err>
</testsuite>
